#
# There is insufficient memory for the Java Runtime Environment to continue.
# Native memory allocation (mmap) failed to map 3579314176 bytes for committing reserved memory.
# Possible reasons:
#   The system is out of physical RAM or swap space
#   In 32 bit mode, the process size limit was hit
# Possible solutions:
#   Reduce memory load on the system
#   Increase physical memory or swap space
#   Check if swap backing store is full
#   Use 64 bit Java on a 64 bit OS
#   Decrease Java heap size (-Xmx/-Xms)
#   Decrease number of Java threads
#   Decrease Java thread stack sizes (-Xss)
#   Set larger code cache with -XX:ReservedCodeCacheSize=
# This output file may be truncated or incomplete.
#
#  Out of Memory Error (os_linux.cpp:2743), pid=35304, tid=0x00007f9359fe3700
#
# JRE version:  (8.0_191-b12) (build )
# Java VM: Java HotSpot(TM) 64-Bit Server VM (25.191-b12 mixed mode linux-amd64 compressed oops)
# Failed to write core dump. Core dumps have been disabled. To enable core dumping, try "ulimit -c unlimited" before starting Java again
#

---------------  T H R E A D  ---------------

Current thread (0x00007f935400b000):  JavaThread "Unknown thread" [_thread_in_vm, id=35316, stack(0x00007f9359ee4000,0x00007f9359fe4000)]

Stack: [0x00007f9359ee4000,0x00007f9359fe4000],  sp=0x00007f9359fe2570,  free space=1017k
Native frames: (J=compiled Java code, j=interpreted, Vv=VM code, C=native code)
V  [libjvm.so+0xace425]  VMError::report_and_die()+0x2c5
V  [libjvm.so+0x4deb77]  report_vm_out_of_memory(char const*, int, unsigned long, VMErrorType, char const*)+0x67
V  [libjvm.so+0x90c570]  os::pd_commit_memory(char*, unsigned long, unsigned long, bool)+0x100
V  [libjvm.so+0x903eaf]  os::commit_memory(char*, unsigned long, unsigned long, bool)+0x1f
V  [libjvm.so+0x988346]  PSVirtualSpace::expand_by(unsigned long)+0x56
V  [libjvm.so+0x978c6c]  PSOldGen::initialize(ReservedSpace, unsigned long, char const*, int)+0x8c
V  [libjvm.so+0x2bce5e]  AdjoiningGenerations::AdjoiningGenerations(ReservedSpace, GenerationSizer*, unsigned long)+0x2fe
V  [libjvm.so+0x9369d2]  ParallelScavengeHeap::initialize()+0x222
V  [libjvm.so+0xa922ba]  Universe::initialize_heap()+0x16a
V  [libjvm.so+0xa92593]  universe_init()+0x33
V  [libjvm.so+0x62f0f0]  init_globals()+0x50
V  [libjvm.so+0xa74c57]  Threads::create_vm(JavaVMInitArgs*, bool*)+0x257
V  [libjvm.so+0x6d49ff]  JNI_CreateJavaVM+0x4f
C  [libjli.so+0x7e74]  JavaMain+0x84
C  [libpthread.so.0+0x76db]  start_thread+0xdb


---------------  P R O C E S S  ---------------

Java Threads: ( => current thread )

Other Threads:

=>0x00007f935400b000 (exited) JavaThread "Unknown thread" [_thread_in_vm, id=35316, stack(0x00007f9359ee4000,0x00007f9359fe4000)]

VM state:not at safepoint (not fully initialized)

VM Mutex/Monitor currently owned by a thread: None

GC Heap History (0 events):
No events

Deoptimization events (0 events):
No events

Classes redefined (0 events):
No events

Internal exceptions (0 events):
No events

Events (0 events):
No events


Dynamic libraries:
00400000-00401000 r-xp 00000000 08:01 8128497                            /opt/java/jdk1.8.0_191/bin/java
00600000-00601000 r--p 00000000 08:01 8128497                            /opt/java/jdk1.8.0_191/bin/java
00601000-00602000 rw-p 00001000 08:01 8128497                            /opt/java/jdk1.8.0_191/bin/java
01e67000-01e88000 rw-p 00000000 00:00 0                                  [heap]
755580000-7c0000000 rw-p 00000000 00:00 0 
7f9342f08000-7f934319b000 rw-p 00000000 00:00 0 
7f934319b000-7f9343845000 ---p 00000000 00:00 0 
7f9343845000-7f9343ba6000 rw-p 00000000 00:00 0 
7f9343ba6000-7f9343f5c000 ---p 00000000 00:00 0 
7f9343f5c000-7f93441cc000 rwxp 00000000 00:00 0 
7f93441cc000-7f9352f5c000 ---p 00000000 00:00 0 
7f9352f5c000-7f9352f76000 r-xp 00000000 08:01 8257774                    /opt/java/jdk1.8.0_191/jre/lib/amd64/libzip.so
7f9352f76000-7f9353176000 ---p 0001a000 08:01 8257774                    /opt/java/jdk1.8.0_191/jre/lib/amd64/libzip.so
7f9353176000-7f9353177000 r--p 0001a000 08:01 8257774                    /opt/java/jdk1.8.0_191/jre/lib/amd64/libzip.so
7f9353177000-7f9353178000 rw-p 0001b000 08:01 8257774                    /opt/java/jdk1.8.0_191/jre/lib/amd64/libzip.so
7f9353178000-7f9353183000 r-xp 00000000 08:01 13113084                   /lib/x86_64-linux-gnu/libnss_files-2.27.so
7f9353183000-7f9353382000 ---p 0000b000 08:01 13113084                   /lib/x86_64-linux-gnu/libnss_files-2.27.so
7f9353382000-7f9353383000 r--p 0000a000 08:01 13113084                   /lib/x86_64-linux-gnu/libnss_files-2.27.so
7f9353383000-7f9353384000 rw-p 0000b000 08:01 13113084                   /lib/x86_64-linux-gnu/libnss_files-2.27.so
7f9353384000-7f935338a000 rw-p 00000000 00:00 0 
7f935338a000-7f93533a1000 r-xp 00000000 08:01 13113074                   /lib/x86_64-linux-gnu/libnsl-2.27.so
7f93533a1000-7f93535a0000 ---p 00017000 08:01 13113074                   /lib/x86_64-linux-gnu/libnsl-2.27.so
7f93535a0000-7f93535a1000 r--p 00016000 08:01 13113074                   /lib/x86_64-linux-gnu/libnsl-2.27.so
7f93535a1000-7f93535a2000 rw-p 00017000 08:01 13113074                   /lib/x86_64-linux-gnu/libnsl-2.27.so
7f93535a2000-7f93535a4000 rw-p 00000000 00:00 0 
7f93535a4000-7f93535af000 r-xp 00000000 08:01 13113090                   /lib/x86_64-linux-gnu/libnss_nis-2.27.so
7f93535af000-7f93537ae000 ---p 0000b000 08:01 13113090                   /lib/x86_64-linux-gnu/libnss_nis-2.27.so
7f93537ae000-7f93537af000 r--p 0000a000 08:01 13113090                   /lib/x86_64-linux-gnu/libnss_nis-2.27.so
7f93537af000-7f93537b0000 rw-p 0000b000 08:01 13113090                   /lib/x86_64-linux-gnu/libnss_nis-2.27.so
7f93537b0000-7f93537b8000 r-xp 00000000 08:01 13113078                   /lib/x86_64-linux-gnu/libnss_compat-2.27.so
7f93537b8000-7f93539b8000 ---p 00008000 08:01 13113078                   /lib/x86_64-linux-gnu/libnss_compat-2.27.so
7f93539b8000-7f93539b9000 r--p 00008000 08:01 13113078                   /lib/x86_64-linux-gnu/libnss_compat-2.27.so
7f93539b9000-7f93539ba000 rw-p 00009000 08:01 13113078                   /lib/x86_64-linux-gnu/libnss_compat-2.27.so
7f93539ba000-7f93539e7000 r-xp 00000000 08:01 8257768                    /opt/java/jdk1.8.0_191/jre/lib/amd64/libjava.so
7f93539e7000-7f9353be6000 ---p 0002d000 08:01 8257768                    /opt/java/jdk1.8.0_191/jre/lib/amd64/libjava.so
7f9353be6000-7f9353be7000 r--p 0002c000 08:01 8257768                    /opt/java/jdk1.8.0_191/jre/lib/amd64/libjava.so
7f9353be7000-7f9353be9000 rw-p 0002d000 08:01 8257768                    /opt/java/jdk1.8.0_191/jre/lib/amd64/libjava.so
7f9353be9000-7f9353bf6000 r-xp 00000000 08:01 8257773                    /opt/java/jdk1.8.0_191/jre/lib/amd64/libverify.so
7f9353bf6000-7f9353df5000 ---p 0000d000 08:01 8257773                    /opt/java/jdk1.8.0_191/jre/lib/amd64/libverify.so
7f9353df5000-7f9353df7000 r--p 0000c000 08:01 8257773                    /opt/java/jdk1.8.0_191/jre/lib/amd64/libverify.so
7f9353df7000-7f9353df8000 rw-p 0000e000 08:01 8257773                    /opt/java/jdk1.8.0_191/jre/lib/amd64/libverify.so
7f9353df8000-7f9353dff000 r-xp 00000000 08:01 13113106                   /lib/x86_64-linux-gnu/librt-2.27.so
7f9353dff000-7f9353ffe000 ---p 00007000 08:01 13113106                   /lib/x86_64-linux-gnu/librt-2.27.so
7f9353ffe000-7f9353fff000 r--p 00006000 08:01 13113106                   /lib/x86_64-linux-gnu/librt-2.27.so
7f9353fff000-7f9354000000 rw-p 00007000 08:01 13113106                   /lib/x86_64-linux-gnu/librt-2.27.so
7f9354000000-7f9354036000 rw-p 00000000 00:00 0 
7f9354036000-7f9358000000 ---p 00000000 00:00 0 
7f935802f000-7f93581cc000 r-xp 00000000 08:01 13113065                   /lib/x86_64-linux-gnu/libm-2.27.so
7f93581cc000-7f93583cb000 ---p 0019d000 08:01 13113065                   /lib/x86_64-linux-gnu/libm-2.27.so
7f93583cb000-7f93583cc000 r--p 0019c000 08:01 13113065                   /lib/x86_64-linux-gnu/libm-2.27.so
7f93583cc000-7f93583cd000 rw-p 0019d000 08:01 13113065                   /lib/x86_64-linux-gnu/libm-2.27.so
7f93583cd000-7f93590af000 r-xp 00000000 08:01 8257750                    /opt/java/jdk1.8.0_191/jre/lib/amd64/server/libjvm.so
7f93590af000-7f93592af000 ---p 00ce2000 08:01 8257750                    /opt/java/jdk1.8.0_191/jre/lib/amd64/server/libjvm.so
7f93592af000-7f9359345000 r--p 00ce2000 08:01 8257750                    /opt/java/jdk1.8.0_191/jre/lib/amd64/server/libjvm.so
7f9359345000-7f9359376000 rw-p 00d78000 08:01 8257750                    /opt/java/jdk1.8.0_191/jre/lib/amd64/server/libjvm.so
7f9359376000-7f93593b1000 rw-p 00000000 00:00 0 
7f93593b1000-7f9359598000 r-xp 00000000 08:01 13112844                   /lib/x86_64-linux-gnu/libc-2.27.so
7f9359598000-7f9359798000 ---p 001e7000 08:01 13112844                   /lib/x86_64-linux-gnu/libc-2.27.so
7f9359798000-7f935979c000 r--p 001e7000 08:01 13112844                   /lib/x86_64-linux-gnu/libc-2.27.so
7f935979c000-7f935979e000 rw-p 001eb000 08:01 13112844                   /lib/x86_64-linux-gnu/libc-2.27.so
7f935979e000-7f93597a2000 rw-p 00000000 00:00 0 
7f93597a2000-7f93597a5000 r-xp 00000000 08:01 13113062                   /lib/x86_64-linux-gnu/libdl-2.27.so
7f93597a5000-7f93599a4000 ---p 00003000 08:01 13113062                   /lib/x86_64-linux-gnu/libdl-2.27.so
7f93599a4000-7f93599a5000 r--p 00002000 08:01 13113062                   /lib/x86_64-linux-gnu/libdl-2.27.so
7f93599a5000-7f93599a6000 rw-p 00003000 08:01 13113062                   /lib/x86_64-linux-gnu/libdl-2.27.so
7f93599a6000-7f93599bd000 r-xp 00000000 08:01 8129859                    /opt/java/jdk1.8.0_191/lib/amd64/jli/libjli.so
7f93599bd000-7f9359bbc000 ---p 00017000 08:01 8129859                    /opt/java/jdk1.8.0_191/lib/amd64/jli/libjli.so
7f9359bbc000-7f9359bbd000 r--p 00016000 08:01 8129859                    /opt/java/jdk1.8.0_191/lib/amd64/jli/libjli.so
7f9359bbd000-7f9359bbe000 rw-p 00017000 08:01 8129859                    /opt/java/jdk1.8.0_191/lib/amd64/jli/libjli.so
7f9359bbe000-7f9359bd8000 r-xp 00000000 08:01 13113100                   /lib/x86_64-linux-gnu/libpthread-2.27.so
7f9359bd8000-7f9359dd7000 ---p 0001a000 08:01 13113100                   /lib/x86_64-linux-gnu/libpthread-2.27.so
7f9359dd7000-7f9359dd8000 r--p 00019000 08:01 13113100                   /lib/x86_64-linux-gnu/libpthread-2.27.so
7f9359dd8000-7f9359dd9000 rw-p 0001a000 08:01 13113100                   /lib/x86_64-linux-gnu/libpthread-2.27.so
7f9359dd9000-7f9359ddd000 rw-p 00000000 00:00 0 
7f9359ddd000-7f9359e04000 r-xp 00000000 08:01 13112832                   /lib/x86_64-linux-gnu/ld-2.27.so
7f9359ee3000-7f9359ee4000 ---p 00000000 00:00 0 
7f9359ee4000-7f9359ee7000 ---p 00000000 00:00 0 
7f9359ee7000-7f9359fe8000 rw-p 00000000 00:00 0 
7f9359ffa000-7f935a002000 rw-s 00000000 08:01 13387567                   /tmp/hsperfdata_liferay/35304
7f935a002000-7f935a003000 rw-p 00000000 00:00 0 
7f935a003000-7f935a004000 r--p 00000000 00:00 0 
7f935a004000-7f935a005000 r--p 00027000 08:01 13112832                   /lib/x86_64-linux-gnu/ld-2.27.so
7f935a005000-7f935a006000 rw-p 00028000 08:01 13112832                   /lib/x86_64-linux-gnu/ld-2.27.so
7f935a006000-7f935a007000 rw-p 00000000 00:00 0 
7ffd27c88000-7ffd27caa000 rw-p 00000000 00:00 0                          [stack]
7ffd27d4a000-7ffd27d4d000 r--p 00000000 00:00 0                          [vvar]
7ffd27d4d000-7ffd27d4f000 r-xp 00000000 00:00 0                          [vdso]
ffffffffff600000-ffffffffff601000 r-xp 00000000 00:00 0                  [vsyscall]

VM Arguments:
jvm_args: -Xmx64m -Xms64m -Dgradle.user.home=/opt/git/liferay-portal/.gradle -Xms5g -Xmx5g -Dorg.gradle.appname=gradlew 
java_command: org.gradle.wrapper.GradleWrapperMain --init-script=/opt/git/liferay-portal/modules/init.gradle deplo
java_class_path (initial): /opt/git/liferay-portal/gradle/wrapper/gradle-wrapper.jar
Launcher Type: SUN_STANDARD

Environment Variables:
JAVA_HOME=/opt/java/jdk1.8.0_191
PATH=/opt/java/jdk1.8.0_191/bin:/usr/local/sbin:/usr/local/bin:/usr/sbin:/usr/bin:/sbin:/bin:/usr/games:/usr/local/games:/snap/bin:/home/liferay/.npm-packages/bin:/home/liferay/jpm/bin
SHELL=/bin/bash
DISPLAY=:0.0

Signal Handlers:
SIGSEGV: [libjvm.so+0xaced60], sa_mask[0]=11111111011111111101111111111110, sa_flags=SA_RESTART|SA_SIGINFO
SIGBUS: [libjvm.so+0xaced60], sa_mask[0]=11111111011111111101111111111110, sa_flags=SA_RESTART|SA_SIGINFO
SIGFPE: [libjvm.so+0x907ca0], sa_mask[0]=11111111011111111101111111111110, sa_flags=SA_RESTART|SA_SIGINFO
SIGPIPE: [libjvm.so+0x907ca0], sa_mask[0]=11111111011111111101111111111110, sa_flags=SA_RESTART|SA_SIGINFO
SIGXFSZ: [libjvm.so+0x907ca0], sa_mask[0]=11111111011111111101111111111110, sa_flags=SA_RESTART|SA_SIGINFO
SIGILL: [libjvm.so+0x907ca0], sa_mask[0]=11111111011111111101111111111110, sa_flags=SA_RESTART|SA_SIGINFO
SIGUSR1: SIG_DFL, sa_mask[0]=00000000000000000000000000000000, sa_flags=none
SIGUSR2: [libjvm.so+0x907b70], sa_mask[0]=00100000000000000000000000000000, sa_flags=SA_RESTART|SA_SIGINFO
SIGHUP: SIG_DFL, sa_mask[0]=00000000000000000000000000000000, sa_flags=none
SIGINT: SIG_DFL, sa_mask[0]=00000000000000000000000000000000, sa_flags=none
SIGTERM: SIG_DFL, sa_mask[0]=00000000000000000000000000000000, sa_flags=none
SIGQUIT: SIG_DFL, sa_mask[0]=00000000000000000000000000000000, sa_flags=none


---------------  S Y S T E M  ---------------

OS:DISTRIB_ID=Ubuntu
DISTRIB_RELEASE=18.04
DISTRIB_CODENAME=bionic
DISTRIB_DESCRIPTION="Ubuntu 18.04.4 LTS"

uname:Linux 4.15.0-112-generic #113-Ubuntu SMP Thu Jul 9 23:41:39 UTC 2020 x86_64
libc:glibc 2.27 NPTL 2.27 
rlimit: STACK 8192k, CORE 0k, NPROC 55831, NOFILE 1048576, AS infinity
load average:1.19 1.09 1.25

/proc/meminfo:
MemTotal:       14337784 kB
MemFree:          156968 kB
MemAvailable:    1082516 kB
Buffers:          803304 kB
Cached:           278740 kB
SwapCached:        26128 kB
Active:         12286756 kB
Inactive:        1380876 kB
Active(anon):   11384168 kB
Inactive(anon):  1208316 kB
Active(file):     902588 kB
Inactive(file):   172560 kB
Unevictable:         384 kB
Mlocked:             384 kB
SwapTotal:       2097148 kB
SwapFree:        1449980 kB
Dirty:               332 kB
Writeback:             0 kB
AnonPages:      12583604 kB
Mapped:           151968 kB
Shmem:              7080 kB
Slab:             300912 kB
SReclaimable:     180180 kB
SUnreclaim:       120732 kB
KernelStack:       18652 kB
PageTables:        68676 kB
NFS_Unstable:          0 kB
Bounce:                0 kB
WritebackTmp:          0 kB
CommitLimit:     9266040 kB
Committed_AS:   24161092 kB
VmallocTotal:   34359738367 kB
VmallocUsed:           0 kB
VmallocChunk:          0 kB
HardwareCorrupted:     0 kB
AnonHugePages:         0 kB
ShmemHugePages:        0 kB
ShmemPmdMapped:        0 kB
CmaTotal:              0 kB
CmaFree:               0 kB
HugePages_Total:       0
HugePages_Free:        0
HugePages_Rsvd:        0
HugePages_Surp:        0
Hugepagesize:       2048 kB
DirectMap4k:      233280 kB
DirectMap2M:     9203712 kB
DirectMap1G:     7340032 kB

container (cgroup) information:
container_type: cgroupv1
cpu_cpuset_cpus: 0-2
cpu_memory_nodes: 0
active_processor_count: 3
cpu_quota: -1
cpu_period: 100000
cpu_shares: -1
memory_limit_in_bytes: -1
memory_and_swap_limit_in_bytes: -2
memory_soft_limit_in_bytes: -1
memory_usage_in_bytes: 13956923392
memory_max_usage_in_bytes: 14044598272


CPU:total 3 (initial active 3) (3 cores per cpu, 1 threads per core) family 6 model 158 stepping 13, cmov, cx8, fxsr, mmx, sse, sse2, sse3, ssse3, sse4.1, sse4.2, popcnt, avx, avx2, aes, clmul, erms, 3dnowpref, lzcnt, tsc, tscinvbit, bmi1, bmi2, adx

/proc/cpuinfo:
processor	: 0
vendor_id	: GenuineIntel
cpu family	: 6
model		: 158
model name	: Intel(R) Core(TM) i9-9880H CPU @ 2.30GHz
stepping	: 13
microcode	: 0xd6
cpu MHz		: 2303.626
cache size	: 16384 KB
physical id	: 0
siblings	: 3
core id		: 0
cpu cores	: 3
apicid		: 0
initial apicid	: 0
fpu		: yes
fpu_exception	: yes
cpuid level	: 22
wp		: yes
flags		: fpu vme de pse tsc msr pae mce cx8 apic sep mtrr pge mca cmov pat pse36 clflush mmx fxsr sse sse2 ss ht syscall nx pdpe1gb rdtscp lm constant_tsc arch_perfmon nopl xtopology tsc_reliable nonstop_tsc cpuid pni pclmulqdq ssse3 fma cx16 pcid sse4_1 sse4_2 x2apic movbe popcnt tsc_deadline_timer aes xsave avx f16c rdrand hypervisor lahf_lm abm 3dnowprefetch cpuid_fault invpcid_single ssbd ibrs ibpb stibp ibrs_enhanced fsgsbase tsc_adjust bmi1 avx2 smep bmi2 invpcid rdseed adx smap clflushopt xsaveopt xsavec xsaves arat md_clear flush_l1d arch_capabilities
bugs		: spectre_v1 spectre_v2 spec_store_bypass swapgs itlb_multihit srbds
bogomips	: 4607.25
clflush size	: 64
cache_alignment	: 64
address sizes	: 43 bits physical, 48 bits virtual
power management:

processor	: 1
vendor_id	: GenuineIntel
cpu family	: 6
model		: 158
model name	: Intel(R) Core(TM) i9-9880H CPU @ 2.30GHz
stepping	: 13
microcode	: 0xd6
cpu MHz		: 2303.626
cache size	: 16384 KB
physical id	: 0
siblings	: 3
core id		: 1
cpu cores	: 3
apicid		: 1
initial apicid	: 1
fpu		: yes
fpu_exception	: yes
cpuid level	: 22
wp		: yes
flags		: fpu vme de pse tsc msr pae mce cx8 apic sep mtrr pge mca cmov pat pse36 clflush mmx fxsr sse sse2 ss ht syscall nx pdpe1gb rdtscp lm constant_tsc arch_perfmon nopl xtopology tsc_reliable nonstop_tsc cpuid pni pclmulqdq ssse3 fma cx16 pcid sse4_1 sse4_2 x2apic movbe popcnt tsc_deadline_timer aes xsave avx f16c rdrand hypervisor lahf_lm abm 3dnowprefetch cpuid_fault invpcid_single ssbd ibrs ibpb stibp ibrs_enhanced fsgsbase tsc_adjust bmi1 avx2 smep bmi2 invpcid rdseed adx smap clflushopt xsaveopt xsavec xsaves arat md_clear flush_l1d arch_capabilities
bugs		: spectre_v1 spectre_v2 spec_store_bypass swapgs itlb_multihit srbds
bogomips	: 4607.25
clflush size	: 64
cache_alignment	: 64
address sizes	: 43 bits physical, 48 bits virtual
power management:

processor	: 2
vendor_id	: GenuineIntel
cpu family	: 6
model		: 158
model name	: Intel(R) Core(TM) i9-9880H CPU @ 2.30GHz
stepping	: 13
microcode	: 0xd6
cpu MHz		: 2303.626
cache size	: 16384 KB
physical id	: 0
siblings	: 3
core id		: 2
cpu cores	: 3
apicid		: 2
initial apicid	: 2
fpu		: yes
fpu_exception	: yes
cpuid level	: 22
wp		: yes
flags		: fpu vme de pse tsc msr pae mce cx8 apic sep mtrr pge mca cmov pat pse36 clflush mmx fxsr sse sse2 ss ht syscall nx pdpe1gb rdtscp lm constant_tsc arch_perfmon nopl xtopology tsc_reliable nonstop_tsc cpuid pni pclmulqdq ssse3 fma cx16 pcid sse4_1 sse4_2 x2apic movbe popcnt tsc_deadline_timer aes xsave avx f16c rdrand hypervisor lahf_lm abm 3dnowprefetch cpuid_fault invpcid_single ssbd ibrs ibpb stibp ibrs_enhanced fsgsbase tsc_adjust bmi1 avx2 smep bmi2 invpcid rdseed adx smap clflushopt xsaveopt xsavec xsaves arat md_clear flush_l1d arch_capabilities
bugs		: spectre_v1 spectre_v2 spec_store_bypass swapgs itlb_multihit srbds
bogomips	: 4607.25
clflush size	: 64
cache_alignment	: 64
address sizes	: 43 bits physical, 48 bits virtual
power management:



Memory: 4k page, physical 14337784k(156968k free), swap 2097148k(1449980k free)

vm_info: Java HotSpot(TM) 64-Bit Server VM (25.191-b12) for linux-amd64 JRE (1.8.0_191-b12), built on Oct  6 2018 05:43:09 by "java_re" with gcc 7.3.0

time: Mon Aug 31 16:32:26 2020
elapsed time: 0 seconds (0d 0h 0m 0s)

