#
# There is insufficient memory for the Java Runtime Environment to continue.
# Native memory allocation (mmap) failed to map 3579314176 bytes for committing reserved memory.
# Possible reasons:
#   The system is out of physical RAM or swap space
#   In 32 bit mode, the process size limit was hit
# Possible solutions:
#   Reduce memory load on the system
#   Increase physical memory or swap space
#   Check if swap backing store is full
#   Use 64 bit Java on a 64 bit OS
#   Decrease Java heap size (-Xmx/-Xms)
#   Decrease number of Java threads
#   Decrease Java thread stack sizes (-Xss)
#   Set larger code cache with -XX:ReservedCodeCacheSize=
# This output file may be truncated or incomplete.
#
#  Out of Memory Error (os_linux.cpp:2743), pid=30966, tid=0x00007f6aa1416700
#
# JRE version:  (8.0_191-b12) (build )
# Java VM: Java HotSpot(TM) 64-Bit Server VM (25.191-b12 mixed mode linux-amd64 compressed oops)
# Failed to write core dump. Core dumps have been disabled. To enable core dumping, try "ulimit -c unlimited" before starting Java again
#

---------------  T H R E A D  ---------------

Current thread (0x00007f6a9800b000):  JavaThread "Unknown thread" [_thread_in_vm, id=30978, stack(0x00007f6aa1317000,0x00007f6aa1417000)]

Stack: [0x00007f6aa1317000,0x00007f6aa1417000],  sp=0x00007f6aa1415570,  free space=1017k
Native frames: (J=compiled Java code, j=interpreted, Vv=VM code, C=native code)
V  [libjvm.so+0xace425]  VMError::report_and_die()+0x2c5
V  [libjvm.so+0x4deb77]  report_vm_out_of_memory(char const*, int, unsigned long, VMErrorType, char const*)+0x67
V  [libjvm.so+0x90c570]  os::pd_commit_memory(char*, unsigned long, unsigned long, bool)+0x100
V  [libjvm.so+0x903eaf]  os::commit_memory(char*, unsigned long, unsigned long, bool)+0x1f
V  [libjvm.so+0x988346]  PSVirtualSpace::expand_by(unsigned long)+0x56
V  [libjvm.so+0x978c6c]  PSOldGen::initialize(ReservedSpace, unsigned long, char const*, int)+0x8c
V  [libjvm.so+0x2bce5e]  AdjoiningGenerations::AdjoiningGenerations(ReservedSpace, GenerationSizer*, unsigned long)+0x2fe
V  [libjvm.so+0x9369d2]  ParallelScavengeHeap::initialize()+0x222
V  [libjvm.so+0xa922ba]  Universe::initialize_heap()+0x16a
V  [libjvm.so+0xa92593]  universe_init()+0x33
V  [libjvm.so+0x62f0f0]  init_globals()+0x50
V  [libjvm.so+0xa74c57]  Threads::create_vm(JavaVMInitArgs*, bool*)+0x257
V  [libjvm.so+0x6d49ff]  JNI_CreateJavaVM+0x4f
C  [libjli.so+0x7e74]  JavaMain+0x84
C  [libpthread.so.0+0x76db]  start_thread+0xdb


---------------  P R O C E S S  ---------------

Java Threads: ( => current thread )

Other Threads:

=>0x00007f6a9800b000 (exited) JavaThread "Unknown thread" [_thread_in_vm, id=30978, stack(0x00007f6aa1317000,0x00007f6aa1417000)]

VM state:not at safepoint (not fully initialized)

VM Mutex/Monitor currently owned by a thread: None

GC Heap History (0 events):
No events

Deoptimization events (0 events):
No events

Classes redefined (0 events):
No events

Internal exceptions (0 events):
No events

Events (0 events):
No events


Dynamic libraries:
00400000-00401000 r-xp 00000000 08:01 8128497                            /opt/java/jdk1.8.0_191/bin/java
00600000-00601000 r--p 00000000 08:01 8128497                            /opt/java/jdk1.8.0_191/bin/java
00601000-00602000 rw-p 00001000 08:01 8128497                            /opt/java/jdk1.8.0_191/bin/java
00734000-00755000 rw-p 00000000 00:00 0                                  [heap]
755580000-7c0000000 rw-p 00000000 00:00 0 
7f6a89000000-7f6a89270000 rwxp 00000000 00:00 0 
7f6a89270000-7f6a98000000 ---p 00000000 00:00 0 
7f6a98000000-7f6a98036000 rw-p 00000000 00:00 0 
7f6a98036000-7f6a9c000000 ---p 00000000 00:00 0 
7f6a9d36a000-7f6a9d5fd000 rw-p 00000000 00:00 0 
7f6a9d5fd000-7f6a9dca7000 ---p 00000000 00:00 0 
7f6a9dca7000-7f6a9e008000 rw-p 00000000 00:00 0 
7f6a9e008000-7f6a9e3be000 ---p 00000000 00:00 0 
7f6a9e3be000-7f6a9e3d8000 r-xp 00000000 08:01 8257774                    /opt/java/jdk1.8.0_191/jre/lib/amd64/libzip.so
7f6a9e3d8000-7f6a9e5d8000 ---p 0001a000 08:01 8257774                    /opt/java/jdk1.8.0_191/jre/lib/amd64/libzip.so
7f6a9e5d8000-7f6a9e5d9000 r--p 0001a000 08:01 8257774                    /opt/java/jdk1.8.0_191/jre/lib/amd64/libzip.so
7f6a9e5d9000-7f6a9e5da000 rw-p 0001b000 08:01 8257774                    /opt/java/jdk1.8.0_191/jre/lib/amd64/libzip.so
7f6a9e5da000-7f6a9e5e5000 r-xp 00000000 08:01 13113084                   /lib/x86_64-linux-gnu/libnss_files-2.27.so
7f6a9e5e5000-7f6a9e7e4000 ---p 0000b000 08:01 13113084                   /lib/x86_64-linux-gnu/libnss_files-2.27.so
7f6a9e7e4000-7f6a9e7e5000 r--p 0000a000 08:01 13113084                   /lib/x86_64-linux-gnu/libnss_files-2.27.so
7f6a9e7e5000-7f6a9e7e6000 rw-p 0000b000 08:01 13113084                   /lib/x86_64-linux-gnu/libnss_files-2.27.so
7f6a9e7e6000-7f6a9e7ec000 rw-p 00000000 00:00 0 
7f6a9e7ec000-7f6a9e803000 r-xp 00000000 08:01 13113074                   /lib/x86_64-linux-gnu/libnsl-2.27.so
7f6a9e803000-7f6a9ea02000 ---p 00017000 08:01 13113074                   /lib/x86_64-linux-gnu/libnsl-2.27.so
7f6a9ea02000-7f6a9ea03000 r--p 00016000 08:01 13113074                   /lib/x86_64-linux-gnu/libnsl-2.27.so
7f6a9ea03000-7f6a9ea04000 rw-p 00017000 08:01 13113074                   /lib/x86_64-linux-gnu/libnsl-2.27.so
7f6a9ea04000-7f6a9ea06000 rw-p 00000000 00:00 0 
7f6a9ea06000-7f6a9ea11000 r-xp 00000000 08:01 13113090                   /lib/x86_64-linux-gnu/libnss_nis-2.27.so
7f6a9ea11000-7f6a9ec10000 ---p 0000b000 08:01 13113090                   /lib/x86_64-linux-gnu/libnss_nis-2.27.so
7f6a9ec10000-7f6a9ec11000 r--p 0000a000 08:01 13113090                   /lib/x86_64-linux-gnu/libnss_nis-2.27.so
7f6a9ec11000-7f6a9ec12000 rw-p 0000b000 08:01 13113090                   /lib/x86_64-linux-gnu/libnss_nis-2.27.so
7f6a9ec12000-7f6a9ec1a000 r-xp 00000000 08:01 13113078                   /lib/x86_64-linux-gnu/libnss_compat-2.27.so
7f6a9ec1a000-7f6a9ee1a000 ---p 00008000 08:01 13113078                   /lib/x86_64-linux-gnu/libnss_compat-2.27.so
7f6a9ee1a000-7f6a9ee1b000 r--p 00008000 08:01 13113078                   /lib/x86_64-linux-gnu/libnss_compat-2.27.so
7f6a9ee1b000-7f6a9ee1c000 rw-p 00009000 08:01 13113078                   /lib/x86_64-linux-gnu/libnss_compat-2.27.so
7f6a9ee1c000-7f6a9ee49000 r-xp 00000000 08:01 8257768                    /opt/java/jdk1.8.0_191/jre/lib/amd64/libjava.so
7f6a9ee49000-7f6a9f048000 ---p 0002d000 08:01 8257768                    /opt/java/jdk1.8.0_191/jre/lib/amd64/libjava.so
7f6a9f048000-7f6a9f049000 r--p 0002c000 08:01 8257768                    /opt/java/jdk1.8.0_191/jre/lib/amd64/libjava.so
7f6a9f049000-7f6a9f04b000 rw-p 0002d000 08:01 8257768                    /opt/java/jdk1.8.0_191/jre/lib/amd64/libjava.so
7f6a9f04b000-7f6a9f058000 r-xp 00000000 08:01 8257773                    /opt/java/jdk1.8.0_191/jre/lib/amd64/libverify.so
7f6a9f058000-7f6a9f257000 ---p 0000d000 08:01 8257773                    /opt/java/jdk1.8.0_191/jre/lib/amd64/libverify.so
7f6a9f257000-7f6a9f259000 r--p 0000c000 08:01 8257773                    /opt/java/jdk1.8.0_191/jre/lib/amd64/libverify.so
7f6a9f259000-7f6a9f25a000 rw-p 0000e000 08:01 8257773                    /opt/java/jdk1.8.0_191/jre/lib/amd64/libverify.so
7f6a9f25a000-7f6a9f261000 r-xp 00000000 08:01 13113106                   /lib/x86_64-linux-gnu/librt-2.27.so
7f6a9f261000-7f6a9f460000 ---p 00007000 08:01 13113106                   /lib/x86_64-linux-gnu/librt-2.27.so
7f6a9f460000-7f6a9f461000 r--p 00006000 08:01 13113106                   /lib/x86_64-linux-gnu/librt-2.27.so
7f6a9f461000-7f6a9f462000 rw-p 00007000 08:01 13113106                   /lib/x86_64-linux-gnu/librt-2.27.so
7f6a9f462000-7f6a9f5ff000 r-xp 00000000 08:01 13113065                   /lib/x86_64-linux-gnu/libm-2.27.so
7f6a9f5ff000-7f6a9f7fe000 ---p 0019d000 08:01 13113065                   /lib/x86_64-linux-gnu/libm-2.27.so
7f6a9f7fe000-7f6a9f7ff000 r--p 0019c000 08:01 13113065                   /lib/x86_64-linux-gnu/libm-2.27.so
7f6a9f7ff000-7f6a9f800000 rw-p 0019d000 08:01 13113065                   /lib/x86_64-linux-gnu/libm-2.27.so
7f6a9f800000-7f6aa04e2000 r-xp 00000000 08:01 8257750                    /opt/java/jdk1.8.0_191/jre/lib/amd64/server/libjvm.so
7f6aa04e2000-7f6aa06e2000 ---p 00ce2000 08:01 8257750                    /opt/java/jdk1.8.0_191/jre/lib/amd64/server/libjvm.so
7f6aa06e2000-7f6aa0778000 r--p 00ce2000 08:01 8257750                    /opt/java/jdk1.8.0_191/jre/lib/amd64/server/libjvm.so
7f6aa0778000-7f6aa07a9000 rw-p 00d78000 08:01 8257750                    /opt/java/jdk1.8.0_191/jre/lib/amd64/server/libjvm.so
7f6aa07a9000-7f6aa07e4000 rw-p 00000000 00:00 0 
7f6aa07e4000-7f6aa09cb000 r-xp 00000000 08:01 13112844                   /lib/x86_64-linux-gnu/libc-2.27.so
7f6aa09cb000-7f6aa0bcb000 ---p 001e7000 08:01 13112844                   /lib/x86_64-linux-gnu/libc-2.27.so
7f6aa0bcb000-7f6aa0bcf000 r--p 001e7000 08:01 13112844                   /lib/x86_64-linux-gnu/libc-2.27.so
7f6aa0bcf000-7f6aa0bd1000 rw-p 001eb000 08:01 13112844                   /lib/x86_64-linux-gnu/libc-2.27.so
7f6aa0bd1000-7f6aa0bd5000 rw-p 00000000 00:00 0 
7f6aa0bd5000-7f6aa0bd8000 r-xp 00000000 08:01 13113062                   /lib/x86_64-linux-gnu/libdl-2.27.so
7f6aa0bd8000-7f6aa0dd7000 ---p 00003000 08:01 13113062                   /lib/x86_64-linux-gnu/libdl-2.27.so
7f6aa0dd7000-7f6aa0dd8000 r--p 00002000 08:01 13113062                   /lib/x86_64-linux-gnu/libdl-2.27.so
7f6aa0dd8000-7f6aa0dd9000 rw-p 00003000 08:01 13113062                   /lib/x86_64-linux-gnu/libdl-2.27.so
7f6aa0dd9000-7f6aa0df0000 r-xp 00000000 08:01 8129859                    /opt/java/jdk1.8.0_191/lib/amd64/jli/libjli.so
7f6aa0df0000-7f6aa0fef000 ---p 00017000 08:01 8129859                    /opt/java/jdk1.8.0_191/lib/amd64/jli/libjli.so
7f6aa0fef000-7f6aa0ff0000 r--p 00016000 08:01 8129859                    /opt/java/jdk1.8.0_191/lib/amd64/jli/libjli.so
7f6aa0ff0000-7f6aa0ff1000 rw-p 00017000 08:01 8129859                    /opt/java/jdk1.8.0_191/lib/amd64/jli/libjli.so
7f6aa0ff1000-7f6aa100b000 r-xp 00000000 08:01 13113100                   /lib/x86_64-linux-gnu/libpthread-2.27.so
7f6aa100b000-7f6aa120a000 ---p 0001a000 08:01 13113100                   /lib/x86_64-linux-gnu/libpthread-2.27.so
7f6aa120a000-7f6aa120b000 r--p 00019000 08:01 13113100                   /lib/x86_64-linux-gnu/libpthread-2.27.so
7f6aa120b000-7f6aa120c000 rw-p 0001a000 08:01 13113100                   /lib/x86_64-linux-gnu/libpthread-2.27.so
7f6aa120c000-7f6aa1210000 rw-p 00000000 00:00 0 
7f6aa1210000-7f6aa1237000 r-xp 00000000 08:01 13112832                   /lib/x86_64-linux-gnu/ld-2.27.so
7f6aa1316000-7f6aa1317000 ---p 00000000 00:00 0 
7f6aa1317000-7f6aa131a000 ---p 00000000 00:00 0 
7f6aa131a000-7f6aa141b000 rw-p 00000000 00:00 0 
7f6aa142d000-7f6aa1435000 rw-s 00000000 08:01 13387568                   /tmp/hsperfdata_liferay/30966
7f6aa1435000-7f6aa1436000 rw-p 00000000 00:00 0 
7f6aa1436000-7f6aa1437000 r--p 00000000 00:00 0 
7f6aa1437000-7f6aa1438000 r--p 00027000 08:01 13112832                   /lib/x86_64-linux-gnu/ld-2.27.so
7f6aa1438000-7f6aa1439000 rw-p 00028000 08:01 13112832                   /lib/x86_64-linux-gnu/ld-2.27.so
7f6aa1439000-7f6aa143a000 rw-p 00000000 00:00 0 
7ffda3be1000-7ffda3c03000 rw-p 00000000 00:00 0                          [stack]
7ffda3dea000-7ffda3ded000 r--p 00000000 00:00 0                          [vvar]
7ffda3ded000-7ffda3def000 r-xp 00000000 00:00 0                          [vdso]
ffffffffff600000-ffffffffff601000 r-xp 00000000 00:00 0                  [vsyscall]

VM Arguments:
jvm_args: -Xmx64m -Xms64m -Dgradle.user.home=/opt/git/liferay-portal/.gradle -Xms5g -Xmx5g -Dorg.gradle.appname=gradlew 
java_command: org.gradle.wrapper.GradleWrapperMain --init-script=/opt/git/liferay-portal/modules/init.gradle deploy
java_class_path (initial): /opt/git/liferay-portal/gradle/wrapper/gradle-wrapper.jar
Launcher Type: SUN_STANDARD

Environment Variables:
JAVA_HOME=/opt/java/jdk1.8.0_191
PATH=/opt/java/jdk1.8.0_191/bin:/usr/local/sbin:/usr/local/bin:/usr/sbin:/usr/bin:/sbin:/bin:/usr/games:/usr/local/games:/snap/bin:/home/liferay/.npm-packages/bin:/home/liferay/jpm/bin
SHELL=/bin/bash
DISPLAY=:0.0

Signal Handlers:
SIGSEGV: [libjvm.so+0xaced60], sa_mask[0]=11111111011111111101111111111110, sa_flags=SA_RESTART|SA_SIGINFO
SIGBUS: [libjvm.so+0xaced60], sa_mask[0]=11111111011111111101111111111110, sa_flags=SA_RESTART|SA_SIGINFO
SIGFPE: [libjvm.so+0x907ca0], sa_mask[0]=11111111011111111101111111111110, sa_flags=SA_RESTART|SA_SIGINFO
SIGPIPE: [libjvm.so+0x907ca0], sa_mask[0]=11111111011111111101111111111110, sa_flags=SA_RESTART|SA_SIGINFO
SIGXFSZ: [libjvm.so+0x907ca0], sa_mask[0]=11111111011111111101111111111110, sa_flags=SA_RESTART|SA_SIGINFO
SIGILL: [libjvm.so+0x907ca0], sa_mask[0]=11111111011111111101111111111110, sa_flags=SA_RESTART|SA_SIGINFO
SIGUSR1: SIG_DFL, sa_mask[0]=00000000000000000000000000000000, sa_flags=none
SIGUSR2: [libjvm.so+0x907b70], sa_mask[0]=00100000000000000000000000000000, sa_flags=SA_RESTART|SA_SIGINFO
SIGHUP: SIG_DFL, sa_mask[0]=00000000000000000000000000000000, sa_flags=none
SIGINT: SIG_DFL, sa_mask[0]=00000000000000000000000000000000, sa_flags=none
SIGTERM: SIG_DFL, sa_mask[0]=00000000000000000000000000000000, sa_flags=none
SIGQUIT: SIG_DFL, sa_mask[0]=00000000000000000000000000000000, sa_flags=none


---------------  S Y S T E M  ---------------

OS:DISTRIB_ID=Ubuntu
DISTRIB_RELEASE=18.04
DISTRIB_CODENAME=bionic
DISTRIB_DESCRIPTION="Ubuntu 18.04.4 LTS"

uname:Linux 4.15.0-112-generic #113-Ubuntu SMP Thu Jul 9 23:41:39 UTC 2020 x86_64
libc:glibc 2.27 NPTL 2.27 
rlimit: STACK 8192k, CORE 0k, NPROC 55831, NOFILE 1048576, AS infinity
load average:1.24 1.12 0.80

/proc/meminfo:
MemTotal:       14337784 kB
MemFree:         1142236 kB
MemAvailable:    1270588 kB
Buffers:          106696 kB
Cached:           226528 kB
SwapCached:        26016 kB
Active:         11358884 kB
Inactive:        1412008 kB
Active(anon):   11118096 kB
Inactive(anon):  1326592 kB
Active(file):     240788 kB
Inactive(file):    85416 kB
Unevictable:         352 kB
Mlocked:             352 kB
SwapTotal:       2097148 kB
SwapFree:        1811452 kB
Dirty:               456 kB
Writeback:             0 kB
AnonPages:      12435788 kB
Mapped:           134728 kB
Shmem:              7032 kB
Slab:             215008 kB
SReclaimable:      95084 kB
SUnreclaim:       119924 kB
KernelStack:       18168 kB
PageTables:        66388 kB
NFS_Unstable:          0 kB
Bounce:                0 kB
WritebackTmp:          0 kB
CommitLimit:     9266040 kB
Committed_AS:   23514052 kB
VmallocTotal:   34359738367 kB
VmallocUsed:           0 kB
VmallocChunk:          0 kB
HardwareCorrupted:     0 kB
AnonHugePages:         0 kB
ShmemHugePages:        0 kB
ShmemPmdMapped:        0 kB
CmaTotal:              0 kB
CmaFree:               0 kB
HugePages_Total:       0
HugePages_Free:        0
HugePages_Rsvd:        0
HugePages_Surp:        0
Hugepagesize:       2048 kB
DirectMap4k:      227136 kB
DirectMap2M:     9209856 kB
DirectMap1G:     7340032 kB

container (cgroup) information:
container_type: cgroupv1
cpu_cpuset_cpus: 0-2
cpu_memory_nodes: 0
active_processor_count: 3
cpu_quota: -1
cpu_period: 100000
cpu_shares: -1
memory_limit_in_bytes: -1
memory_and_swap_limit_in_bytes: -2
memory_soft_limit_in_bytes: -1
memory_usage_in_bytes: 12912877568
memory_max_usage_in_bytes: 14007869440


CPU:total 3 (initial active 3) (3 cores per cpu, 1 threads per core) family 6 model 158 stepping 13, cmov, cx8, fxsr, mmx, sse, sse2, sse3, ssse3, sse4.1, sse4.2, popcnt, avx, avx2, aes, clmul, erms, 3dnowpref, lzcnt, tsc, tscinvbit, bmi1, bmi2, adx

/proc/cpuinfo:
processor	: 0
vendor_id	: GenuineIntel
cpu family	: 6
model		: 158
model name	: Intel(R) Core(TM) i9-9880H CPU @ 2.30GHz
stepping	: 13
microcode	: 0xd6
cpu MHz		: 2303.626
cache size	: 16384 KB
physical id	: 0
siblings	: 3
core id		: 0
cpu cores	: 3
apicid		: 0
initial apicid	: 0
fpu		: yes
fpu_exception	: yes
cpuid level	: 22
wp		: yes
flags		: fpu vme de pse tsc msr pae mce cx8 apic sep mtrr pge mca cmov pat pse36 clflush mmx fxsr sse sse2 ss ht syscall nx pdpe1gb rdtscp lm constant_tsc arch_perfmon nopl xtopology tsc_reliable nonstop_tsc cpuid pni pclmulqdq ssse3 fma cx16 pcid sse4_1 sse4_2 x2apic movbe popcnt tsc_deadline_timer aes xsave avx f16c rdrand hypervisor lahf_lm abm 3dnowprefetch cpuid_fault invpcid_single ssbd ibrs ibpb stibp ibrs_enhanced fsgsbase tsc_adjust bmi1 avx2 smep bmi2 invpcid rdseed adx smap clflushopt xsaveopt xsavec xsaves arat md_clear flush_l1d arch_capabilities
bugs		: spectre_v1 spectre_v2 spec_store_bypass swapgs itlb_multihit srbds
bogomips	: 4607.25
clflush size	: 64
cache_alignment	: 64
address sizes	: 43 bits physical, 48 bits virtual
power management:

processor	: 1
vendor_id	: GenuineIntel
cpu family	: 6
model		: 158
model name	: Intel(R) Core(TM) i9-9880H CPU @ 2.30GHz
stepping	: 13
microcode	: 0xd6
cpu MHz		: 2303.626
cache size	: 16384 KB
physical id	: 0
siblings	: 3
core id		: 1
cpu cores	: 3
apicid		: 1
initial apicid	: 1
fpu		: yes
fpu_exception	: yes
cpuid level	: 22
wp		: yes
flags		: fpu vme de pse tsc msr pae mce cx8 apic sep mtrr pge mca cmov pat pse36 clflush mmx fxsr sse sse2 ss ht syscall nx pdpe1gb rdtscp lm constant_tsc arch_perfmon nopl xtopology tsc_reliable nonstop_tsc cpuid pni pclmulqdq ssse3 fma cx16 pcid sse4_1 sse4_2 x2apic movbe popcnt tsc_deadline_timer aes xsave avx f16c rdrand hypervisor lahf_lm abm 3dnowprefetch cpuid_fault invpcid_single ssbd ibrs ibpb stibp ibrs_enhanced fsgsbase tsc_adjust bmi1 avx2 smep bmi2 invpcid rdseed adx smap clflushopt xsaveopt xsavec xsaves arat md_clear flush_l1d arch_capabilities
bugs		: spectre_v1 spectre_v2 spec_store_bypass swapgs itlb_multihit srbds
bogomips	: 4607.25
clflush size	: 64
cache_alignment	: 64
address sizes	: 43 bits physical, 48 bits virtual
power management:

processor	: 2
vendor_id	: GenuineIntel
cpu family	: 6
model		: 158
model name	: Intel(R) Core(TM) i9-9880H CPU @ 2.30GHz
stepping	: 13
microcode	: 0xd6
cpu MHz		: 2303.626
cache size	: 16384 KB
physical id	: 0
siblings	: 3
core id		: 2
cpu cores	: 3
apicid		: 2
initial apicid	: 2
fpu		: yes
fpu_exception	: yes
cpuid level	: 22
wp		: yes
flags		: fpu vme de pse tsc msr pae mce cx8 apic sep mtrr pge mca cmov pat pse36 clflush mmx fxsr sse sse2 ss ht syscall nx pdpe1gb rdtscp lm constant_tsc arch_perfmon nopl xtopology tsc_reliable nonstop_tsc cpuid pni pclmulqdq ssse3 fma cx16 pcid sse4_1 sse4_2 x2apic movbe popcnt tsc_deadline_timer aes xsave avx f16c rdrand hypervisor lahf_lm abm 3dnowprefetch cpuid_fault invpcid_single ssbd ibrs ibpb stibp ibrs_enhanced fsgsbase tsc_adjust bmi1 avx2 smep bmi2 invpcid rdseed adx smap clflushopt xsaveopt xsavec xsaves arat md_clear flush_l1d arch_capabilities
bugs		: spectre_v1 spectre_v2 spec_store_bypass swapgs itlb_multihit srbds
bogomips	: 4607.25
clflush size	: 64
cache_alignment	: 64
address sizes	: 43 bits physical, 48 bits virtual
power management:



Memory: 4k page, physical 14337784k(1142236k free), swap 2097148k(1811452k free)

vm_info: Java HotSpot(TM) 64-Bit Server VM (25.191-b12) for linux-amd64 JRE (1.8.0_191-b12), built on Oct  6 2018 05:43:09 by "java_re" with gcc 7.3.0

time: Mon Aug 31 13:35:09 2020
elapsed time: 0 seconds (0d 0h 0m 0s)

