#
# There is insufficient memory for the Java Runtime Environment to continue.
# Native memory allocation (mmap) failed to map 3579314176 bytes for committing reserved memory.
# Possible reasons:
#   The system is out of physical RAM or swap space
#   In 32 bit mode, the process size limit was hit
# Possible solutions:
#   Reduce memory load on the system
#   Increase physical memory or swap space
#   Check if swap backing store is full
#   Use 64 bit Java on a 64 bit OS
#   Decrease Java heap size (-Xmx/-Xms)
#   Decrease number of Java threads
#   Decrease Java thread stack sizes (-Xss)
#   Set larger code cache with -XX:ReservedCodeCacheSize=
# This output file may be truncated or incomplete.
#
#  Out of Memory Error (os_linux.cpp:2743), pid=36038, tid=0x00007f3163b3e700
#
# JRE version:  (8.0_191-b12) (build )
# Java VM: Java HotSpot(TM) 64-Bit Server VM (25.191-b12 mixed mode linux-amd64 compressed oops)
# Failed to write core dump. Core dumps have been disabled. To enable core dumping, try "ulimit -c unlimited" before starting Java again
#

---------------  T H R E A D  ---------------

Current thread (0x00007f315c00b000):  JavaThread "Unknown thread" [_thread_in_vm, id=36050, stack(0x00007f3163a3f000,0x00007f3163b3f000)]

Stack: [0x00007f3163a3f000,0x00007f3163b3f000],  sp=0x00007f3163b3d570,  free space=1017k
Native frames: (J=compiled Java code, j=interpreted, Vv=VM code, C=native code)
V  [libjvm.so+0xace425]  VMError::report_and_die()+0x2c5
V  [libjvm.so+0x4deb77]  report_vm_out_of_memory(char const*, int, unsigned long, VMErrorType, char const*)+0x67
V  [libjvm.so+0x90c570]  os::pd_commit_memory(char*, unsigned long, unsigned long, bool)+0x100
V  [libjvm.so+0x903eaf]  os::commit_memory(char*, unsigned long, unsigned long, bool)+0x1f
V  [libjvm.so+0x988346]  PSVirtualSpace::expand_by(unsigned long)+0x56
V  [libjvm.so+0x978c6c]  PSOldGen::initialize(ReservedSpace, unsigned long, char const*, int)+0x8c
V  [libjvm.so+0x2bce5e]  AdjoiningGenerations::AdjoiningGenerations(ReservedSpace, GenerationSizer*, unsigned long)+0x2fe
V  [libjvm.so+0x9369d2]  ParallelScavengeHeap::initialize()+0x222
V  [libjvm.so+0xa922ba]  Universe::initialize_heap()+0x16a
V  [libjvm.so+0xa92593]  universe_init()+0x33
V  [libjvm.so+0x62f0f0]  init_globals()+0x50
V  [libjvm.so+0xa74c57]  Threads::create_vm(JavaVMInitArgs*, bool*)+0x257
V  [libjvm.so+0x6d49ff]  JNI_CreateJavaVM+0x4f
C  [libjli.so+0x7e74]  JavaMain+0x84
C  [libpthread.so.0+0x76db]  start_thread+0xdb


---------------  P R O C E S S  ---------------

Java Threads: ( => current thread )

Other Threads:

=>0x00007f315c00b000 (exited) JavaThread "Unknown thread" [_thread_in_vm, id=36050, stack(0x00007f3163a3f000,0x00007f3163b3f000)]

VM state:not at safepoint (not fully initialized)

VM Mutex/Monitor currently owned by a thread: None

GC Heap History (0 events):
No events

Deoptimization events (0 events):
No events

Classes redefined (0 events):
No events

Internal exceptions (0 events):
No events

Events (0 events):
No events


Dynamic libraries:
00400000-00401000 r-xp 00000000 08:01 8128497                            /opt/java/jdk1.8.0_191/bin/java
00600000-00601000 r--p 00000000 08:01 8128497                            /opt/java/jdk1.8.0_191/bin/java
00601000-00602000 rw-p 00001000 08:01 8128497                            /opt/java/jdk1.8.0_191/bin/java
01713000-01734000 rw-p 00000000 00:00 0                                  [heap]
755580000-7c0000000 rw-p 00000000 00:00 0 
7f314c5ff000-7f314cca9000 ---p 00000000 00:00 0 
7f314cca9000-7f314d000000 rw-p 00000000 00:00 0 
7f314d000000-7f314d270000 rwxp 00000000 00:00 0 
7f314d270000-7f315c000000 ---p 00000000 00:00 0 
7f315c000000-7f315c036000 rw-p 00000000 00:00 0 
7f315c036000-7f3160000000 ---p 00000000 00:00 0 
7f3160493000-7f3160730000 rw-p 00000000 00:00 0 
7f3160730000-7f3160ae6000 ---p 00000000 00:00 0 
7f3160ae6000-7f3160b00000 r-xp 00000000 08:01 8257774                    /opt/java/jdk1.8.0_191/jre/lib/amd64/libzip.so
7f3160b00000-7f3160d00000 ---p 0001a000 08:01 8257774                    /opt/java/jdk1.8.0_191/jre/lib/amd64/libzip.so
7f3160d00000-7f3160d01000 r--p 0001a000 08:01 8257774                    /opt/java/jdk1.8.0_191/jre/lib/amd64/libzip.so
7f3160d01000-7f3160d02000 rw-p 0001b000 08:01 8257774                    /opt/java/jdk1.8.0_191/jre/lib/amd64/libzip.so
7f3160d02000-7f3160d0d000 r-xp 00000000 08:01 13113084                   /lib/x86_64-linux-gnu/libnss_files-2.27.so
7f3160d0d000-7f3160f0c000 ---p 0000b000 08:01 13113084                   /lib/x86_64-linux-gnu/libnss_files-2.27.so
7f3160f0c000-7f3160f0d000 r--p 0000a000 08:01 13113084                   /lib/x86_64-linux-gnu/libnss_files-2.27.so
7f3160f0d000-7f3160f0e000 rw-p 0000b000 08:01 13113084                   /lib/x86_64-linux-gnu/libnss_files-2.27.so
7f3160f0e000-7f3160f14000 rw-p 00000000 00:00 0 
7f3160f14000-7f3160f2b000 r-xp 00000000 08:01 13113074                   /lib/x86_64-linux-gnu/libnsl-2.27.so
7f3160f2b000-7f316112a000 ---p 00017000 08:01 13113074                   /lib/x86_64-linux-gnu/libnsl-2.27.so
7f316112a000-7f316112b000 r--p 00016000 08:01 13113074                   /lib/x86_64-linux-gnu/libnsl-2.27.so
7f316112b000-7f316112c000 rw-p 00017000 08:01 13113074                   /lib/x86_64-linux-gnu/libnsl-2.27.so
7f316112c000-7f316112e000 rw-p 00000000 00:00 0 
7f316112e000-7f3161139000 r-xp 00000000 08:01 13113090                   /lib/x86_64-linux-gnu/libnss_nis-2.27.so
7f3161139000-7f3161338000 ---p 0000b000 08:01 13113090                   /lib/x86_64-linux-gnu/libnss_nis-2.27.so
7f3161338000-7f3161339000 r--p 0000a000 08:01 13113090                   /lib/x86_64-linux-gnu/libnss_nis-2.27.so
7f3161339000-7f316133a000 rw-p 0000b000 08:01 13113090                   /lib/x86_64-linux-gnu/libnss_nis-2.27.so
7f316133a000-7f3161342000 r-xp 00000000 08:01 13113078                   /lib/x86_64-linux-gnu/libnss_compat-2.27.so
7f3161342000-7f3161542000 ---p 00008000 08:01 13113078                   /lib/x86_64-linux-gnu/libnss_compat-2.27.so
7f3161542000-7f3161543000 r--p 00008000 08:01 13113078                   /lib/x86_64-linux-gnu/libnss_compat-2.27.so
7f3161543000-7f3161544000 rw-p 00009000 08:01 13113078                   /lib/x86_64-linux-gnu/libnss_compat-2.27.so
7f3161544000-7f3161571000 r-xp 00000000 08:01 8257768                    /opt/java/jdk1.8.0_191/jre/lib/amd64/libjava.so
7f3161571000-7f3161770000 ---p 0002d000 08:01 8257768                    /opt/java/jdk1.8.0_191/jre/lib/amd64/libjava.so
7f3161770000-7f3161771000 r--p 0002c000 08:01 8257768                    /opt/java/jdk1.8.0_191/jre/lib/amd64/libjava.so
7f3161771000-7f3161773000 rw-p 0002d000 08:01 8257768                    /opt/java/jdk1.8.0_191/jre/lib/amd64/libjava.so
7f3161773000-7f3161780000 r-xp 00000000 08:01 8257773                    /opt/java/jdk1.8.0_191/jre/lib/amd64/libverify.so
7f3161780000-7f316197f000 ---p 0000d000 08:01 8257773                    /opt/java/jdk1.8.0_191/jre/lib/amd64/libverify.so
7f316197f000-7f3161981000 r--p 0000c000 08:01 8257773                    /opt/java/jdk1.8.0_191/jre/lib/amd64/libverify.so
7f3161981000-7f3161982000 rw-p 0000e000 08:01 8257773                    /opt/java/jdk1.8.0_191/jre/lib/amd64/libverify.so
7f3161982000-7f3161989000 r-xp 00000000 08:01 13113106                   /lib/x86_64-linux-gnu/librt-2.27.so
7f3161989000-7f3161b88000 ---p 00007000 08:01 13113106                   /lib/x86_64-linux-gnu/librt-2.27.so
7f3161b88000-7f3161b89000 r--p 00006000 08:01 13113106                   /lib/x86_64-linux-gnu/librt-2.27.so
7f3161b89000-7f3161b8a000 rw-p 00007000 08:01 13113106                   /lib/x86_64-linux-gnu/librt-2.27.so
7f3161b8a000-7f3161d27000 r-xp 00000000 08:01 13113065                   /lib/x86_64-linux-gnu/libm-2.27.so
7f3161d27000-7f3161f26000 ---p 0019d000 08:01 13113065                   /lib/x86_64-linux-gnu/libm-2.27.so
7f3161f26000-7f3161f27000 r--p 0019c000 08:01 13113065                   /lib/x86_64-linux-gnu/libm-2.27.so
7f3161f27000-7f3161f28000 rw-p 0019d000 08:01 13113065                   /lib/x86_64-linux-gnu/libm-2.27.so
7f3161f28000-7f3162c0a000 r-xp 00000000 08:01 8257750                    /opt/java/jdk1.8.0_191/jre/lib/amd64/server/libjvm.so
7f3162c0a000-7f3162e0a000 ---p 00ce2000 08:01 8257750                    /opt/java/jdk1.8.0_191/jre/lib/amd64/server/libjvm.so
7f3162e0a000-7f3162ea0000 r--p 00ce2000 08:01 8257750                    /opt/java/jdk1.8.0_191/jre/lib/amd64/server/libjvm.so
7f3162ea0000-7f3162ed1000 rw-p 00d78000 08:01 8257750                    /opt/java/jdk1.8.0_191/jre/lib/amd64/server/libjvm.so
7f3162ed1000-7f3162f0c000 rw-p 00000000 00:00 0 
7f3162f0c000-7f31630f3000 r-xp 00000000 08:01 13112844                   /lib/x86_64-linux-gnu/libc-2.27.so
7f31630f3000-7f31632f3000 ---p 001e7000 08:01 13112844                   /lib/x86_64-linux-gnu/libc-2.27.so
7f31632f3000-7f31632f7000 r--p 001e7000 08:01 13112844                   /lib/x86_64-linux-gnu/libc-2.27.so
7f31632f7000-7f31632f9000 rw-p 001eb000 08:01 13112844                   /lib/x86_64-linux-gnu/libc-2.27.so
7f31632f9000-7f31632fd000 rw-p 00000000 00:00 0 
7f31632fd000-7f3163300000 r-xp 00000000 08:01 13113062                   /lib/x86_64-linux-gnu/libdl-2.27.so
7f3163300000-7f31634ff000 ---p 00003000 08:01 13113062                   /lib/x86_64-linux-gnu/libdl-2.27.so
7f31634ff000-7f3163500000 r--p 00002000 08:01 13113062                   /lib/x86_64-linux-gnu/libdl-2.27.so
7f3163500000-7f3163501000 rw-p 00003000 08:01 13113062                   /lib/x86_64-linux-gnu/libdl-2.27.so
7f3163501000-7f3163518000 r-xp 00000000 08:01 8129859                    /opt/java/jdk1.8.0_191/lib/amd64/jli/libjli.so
7f3163518000-7f3163717000 ---p 00017000 08:01 8129859                    /opt/java/jdk1.8.0_191/lib/amd64/jli/libjli.so
7f3163717000-7f3163718000 r--p 00016000 08:01 8129859                    /opt/java/jdk1.8.0_191/lib/amd64/jli/libjli.so
7f3163718000-7f3163719000 rw-p 00017000 08:01 8129859                    /opt/java/jdk1.8.0_191/lib/amd64/jli/libjli.so
7f3163719000-7f3163733000 r-xp 00000000 08:01 13113100                   /lib/x86_64-linux-gnu/libpthread-2.27.so
7f3163733000-7f3163932000 ---p 0001a000 08:01 13113100                   /lib/x86_64-linux-gnu/libpthread-2.27.so
7f3163932000-7f3163933000 r--p 00019000 08:01 13113100                   /lib/x86_64-linux-gnu/libpthread-2.27.so
7f3163933000-7f3163934000 rw-p 0001a000 08:01 13113100                   /lib/x86_64-linux-gnu/libpthread-2.27.so
7f3163934000-7f3163938000 rw-p 00000000 00:00 0 
7f3163938000-7f316395f000 r-xp 00000000 08:01 13112832                   /lib/x86_64-linux-gnu/ld-2.27.so
7f3163a3e000-7f3163a3f000 ---p 00000000 00:00 0 
7f3163a3f000-7f3163a42000 ---p 00000000 00:00 0 
7f3163a42000-7f3163b43000 rw-p 00000000 00:00 0 
7f3163b55000-7f3163b5d000 rw-s 00000000 08:01 13387567                   /tmp/hsperfdata_liferay/36038
7f3163b5d000-7f3163b5e000 rw-p 00000000 00:00 0 
7f3163b5e000-7f3163b5f000 r--p 00000000 00:00 0 
7f3163b5f000-7f3163b60000 r--p 00027000 08:01 13112832                   /lib/x86_64-linux-gnu/ld-2.27.so
7f3163b60000-7f3163b61000 rw-p 00028000 08:01 13112832                   /lib/x86_64-linux-gnu/ld-2.27.so
7f3163b61000-7f3163b62000 rw-p 00000000 00:00 0 
7ffefb26d000-7ffefb28f000 rw-p 00000000 00:00 0                          [stack]
7ffefb2d7000-7ffefb2da000 r--p 00000000 00:00 0                          [vvar]
7ffefb2da000-7ffefb2dc000 r-xp 00000000 00:00 0                          [vdso]
ffffffffff600000-ffffffffff601000 r-xp 00000000 00:00 0                  [vsyscall]

VM Arguments:
jvm_args: -Xmx64m -Xms64m -Dgradle.user.home=/opt/git/liferay-portal/.gradle -Xms5g -Xmx5g -Dorg.gradle.appname=gradlew 
java_command: org.gradle.wrapper.GradleWrapperMain --init-script=/opt/git/liferay-portal/modules/init.gradle deploy
java_class_path (initial): /opt/git/liferay-portal/gradle/wrapper/gradle-wrapper.jar
Launcher Type: SUN_STANDARD

Environment Variables:
JAVA_HOME=/opt/java/jdk1.8.0_191
PATH=/opt/java/jdk1.8.0_191/bin:/usr/local/sbin:/usr/local/bin:/usr/sbin:/usr/bin:/sbin:/bin:/usr/games:/usr/local/games:/snap/bin:/home/liferay/.npm-packages/bin:/home/liferay/jpm/bin
SHELL=/bin/bash
DISPLAY=:0.0

Signal Handlers:
SIGSEGV: [libjvm.so+0xaced60], sa_mask[0]=11111111011111111101111111111110, sa_flags=SA_RESTART|SA_SIGINFO
SIGBUS: [libjvm.so+0xaced60], sa_mask[0]=11111111011111111101111111111110, sa_flags=SA_RESTART|SA_SIGINFO
SIGFPE: [libjvm.so+0x907ca0], sa_mask[0]=11111111011111111101111111111110, sa_flags=SA_RESTART|SA_SIGINFO
SIGPIPE: [libjvm.so+0x907ca0], sa_mask[0]=11111111011111111101111111111110, sa_flags=SA_RESTART|SA_SIGINFO
SIGXFSZ: [libjvm.so+0x907ca0], sa_mask[0]=11111111011111111101111111111110, sa_flags=SA_RESTART|SA_SIGINFO
SIGILL: [libjvm.so+0x907ca0], sa_mask[0]=11111111011111111101111111111110, sa_flags=SA_RESTART|SA_SIGINFO
SIGUSR1: SIG_DFL, sa_mask[0]=00000000000000000000000000000000, sa_flags=none
SIGUSR2: [libjvm.so+0x907b70], sa_mask[0]=00100000000000000000000000000000, sa_flags=SA_RESTART|SA_SIGINFO
SIGHUP: SIG_DFL, sa_mask[0]=00000000000000000000000000000000, sa_flags=none
SIGINT: SIG_DFL, sa_mask[0]=00000000000000000000000000000000, sa_flags=none
SIGTERM: SIG_DFL, sa_mask[0]=00000000000000000000000000000000, sa_flags=none
SIGQUIT: SIG_DFL, sa_mask[0]=00000000000000000000000000000000, sa_flags=none


---------------  S Y S T E M  ---------------

OS:DISTRIB_ID=Ubuntu
DISTRIB_RELEASE=18.04
DISTRIB_CODENAME=bionic
DISTRIB_DESCRIPTION="Ubuntu 18.04.4 LTS"

uname:Linux 4.15.0-112-generic #113-Ubuntu SMP Thu Jul 9 23:41:39 UTC 2020 x86_64
libc:glibc 2.27 NPTL 2.27 
rlimit: STACK 8192k, CORE 0k, NPROC 55831, NOFILE 1048576, AS infinity
load average:2.48 1.61 1.42

/proc/meminfo:
MemTotal:       14337784 kB
MemFree:          167528 kB
MemAvailable:    1105608 kB
Buffers:          720088 kB
Cached:           201312 kB
SwapCached:        27696 kB
Active:         11950804 kB
Inactive:        1528256 kB
Active(anon):   11373740 kB
Inactive(anon):  1190688 kB
Active(file):     577064 kB
Inactive(file):   337568 kB
Unevictable:         432 kB
Mlocked:             432 kB
SwapTotal:       2097148 kB
SwapFree:        1252568 kB
Dirty:               336 kB
Writeback:             0 kB
AnonPages:      12554324 kB
Mapped:           112476 kB
Shmem:              7036 kB
Slab:             475148 kB
SReclaimable:     352948 kB
SUnreclaim:       122200 kB
KernelStack:       19488 kB
PageTables:        71268 kB
NFS_Unstable:          0 kB
Bounce:                0 kB
WritebackTmp:          0 kB
CommitLimit:     9266040 kB
Committed_AS:   24523028 kB
VmallocTotal:   34359738367 kB
VmallocUsed:           0 kB
VmallocChunk:          0 kB
HardwareCorrupted:     0 kB
AnonHugePages:         0 kB
ShmemHugePages:        0 kB
ShmemPmdMapped:        0 kB
CmaTotal:              0 kB
CmaFree:               0 kB
HugePages_Total:       0
HugePages_Free:        0
HugePages_Rsvd:        0
HugePages_Surp:        0
Hugepagesize:       2048 kB
DirectMap4k:      233280 kB
DirectMap2M:     9203712 kB
DirectMap1G:     7340032 kB

container (cgroup) information:
container_type: cgroupv1
cpu_cpuset_cpus: 0-2
cpu_memory_nodes: 0
active_processor_count: 3
cpu_quota: -1
cpu_period: 100000
cpu_shares: -1
memory_limit_in_bytes: -1
memory_and_swap_limit_in_bytes: -2
memory_soft_limit_in_bytes: -1
memory_usage_in_bytes: 14015594496
memory_max_usage_in_bytes: 14045687808


CPU:total 3 (initial active 3) (3 cores per cpu, 1 threads per core) family 6 model 158 stepping 13, cmov, cx8, fxsr, mmx, sse, sse2, sse3, ssse3, sse4.1, sse4.2, popcnt, avx, avx2, aes, clmul, erms, 3dnowpref, lzcnt, tsc, tscinvbit, bmi1, bmi2, adx

/proc/cpuinfo:
processor	: 0
vendor_id	: GenuineIntel
cpu family	: 6
model		: 158
model name	: Intel(R) Core(TM) i9-9880H CPU @ 2.30GHz
stepping	: 13
microcode	: 0xd6
cpu MHz		: 2303.626
cache size	: 16384 KB
physical id	: 0
siblings	: 3
core id		: 0
cpu cores	: 3
apicid		: 0
initial apicid	: 0
fpu		: yes
fpu_exception	: yes
cpuid level	: 22
wp		: yes
flags		: fpu vme de pse tsc msr pae mce cx8 apic sep mtrr pge mca cmov pat pse36 clflush mmx fxsr sse sse2 ss ht syscall nx pdpe1gb rdtscp lm constant_tsc arch_perfmon nopl xtopology tsc_reliable nonstop_tsc cpuid pni pclmulqdq ssse3 fma cx16 pcid sse4_1 sse4_2 x2apic movbe popcnt tsc_deadline_timer aes xsave avx f16c rdrand hypervisor lahf_lm abm 3dnowprefetch cpuid_fault invpcid_single ssbd ibrs ibpb stibp ibrs_enhanced fsgsbase tsc_adjust bmi1 avx2 smep bmi2 invpcid rdseed adx smap clflushopt xsaveopt xsavec xsaves arat md_clear flush_l1d arch_capabilities
bugs		: spectre_v1 spectre_v2 spec_store_bypass swapgs itlb_multihit srbds
bogomips	: 4607.25
clflush size	: 64
cache_alignment	: 64
address sizes	: 43 bits physical, 48 bits virtual
power management:

processor	: 1
vendor_id	: GenuineIntel
cpu family	: 6
model		: 158
model name	: Intel(R) Core(TM) i9-9880H CPU @ 2.30GHz
stepping	: 13
microcode	: 0xd6
cpu MHz		: 2303.626
cache size	: 16384 KB
physical id	: 0
siblings	: 3
core id		: 1
cpu cores	: 3
apicid		: 1
initial apicid	: 1
fpu		: yes
fpu_exception	: yes
cpuid level	: 22
wp		: yes
flags		: fpu vme de pse tsc msr pae mce cx8 apic sep mtrr pge mca cmov pat pse36 clflush mmx fxsr sse sse2 ss ht syscall nx pdpe1gb rdtscp lm constant_tsc arch_perfmon nopl xtopology tsc_reliable nonstop_tsc cpuid pni pclmulqdq ssse3 fma cx16 pcid sse4_1 sse4_2 x2apic movbe popcnt tsc_deadline_timer aes xsave avx f16c rdrand hypervisor lahf_lm abm 3dnowprefetch cpuid_fault invpcid_single ssbd ibrs ibpb stibp ibrs_enhanced fsgsbase tsc_adjust bmi1 avx2 smep bmi2 invpcid rdseed adx smap clflushopt xsaveopt xsavec xsaves arat md_clear flush_l1d arch_capabilities
bugs		: spectre_v1 spectre_v2 spec_store_bypass swapgs itlb_multihit srbds
bogomips	: 4607.25
clflush size	: 64
cache_alignment	: 64
address sizes	: 43 bits physical, 48 bits virtual
power management:

processor	: 2
vendor_id	: GenuineIntel
cpu family	: 6
model		: 158
model name	: Intel(R) Core(TM) i9-9880H CPU @ 2.30GHz
stepping	: 13
microcode	: 0xd6
cpu MHz		: 2303.626
cache size	: 16384 KB
physical id	: 0
siblings	: 3
core id		: 2
cpu cores	: 3
apicid		: 2
initial apicid	: 2
fpu		: yes
fpu_exception	: yes
cpuid level	: 22
wp		: yes
flags		: fpu vme de pse tsc msr pae mce cx8 apic sep mtrr pge mca cmov pat pse36 clflush mmx fxsr sse sse2 ss ht syscall nx pdpe1gb rdtscp lm constant_tsc arch_perfmon nopl xtopology tsc_reliable nonstop_tsc cpuid pni pclmulqdq ssse3 fma cx16 pcid sse4_1 sse4_2 x2apic movbe popcnt tsc_deadline_timer aes xsave avx f16c rdrand hypervisor lahf_lm abm 3dnowprefetch cpuid_fault invpcid_single ssbd ibrs ibpb stibp ibrs_enhanced fsgsbase tsc_adjust bmi1 avx2 smep bmi2 invpcid rdseed adx smap clflushopt xsaveopt xsavec xsaves arat md_clear flush_l1d arch_capabilities
bugs		: spectre_v1 spectre_v2 spec_store_bypass swapgs itlb_multihit srbds
bogomips	: 4607.25
clflush size	: 64
cache_alignment	: 64
address sizes	: 43 bits physical, 48 bits virtual
power management:



Memory: 4k page, physical 14337784k(167528k free), swap 2097148k(1252568k free)

vm_info: Java HotSpot(TM) 64-Bit Server VM (25.191-b12) for linux-amd64 JRE (1.8.0_191-b12), built on Oct  6 2018 05:43:09 by "java_re" with gcc 7.3.0

time: Mon Aug 31 16:47:44 2020
elapsed time: 0 seconds (0d 0h 0m 0s)

